<?xml version="1.0" encoding="utf-8"?><testsuites name="pytest tests"><testsuite name="pytest" errors="0" failures="0" skipped="0" tests="25" time="4.439" timestamp="2026-08-11T07:17:42.880294+00:00" hostname="agent-env-f1bafad4-6e5f-4e45-9f32-a5a5fe6d62c2"><testcase classname="tests.test_regression.TestAuth" name="test_register_new_user" time="0.577" /><testcase classname="tests.test_regression.TestAuth" name="test_register_duplicate" time="0.117" /><testcase classname="tests.test_regression.TestAuth" name="test_login_wrong_password" time="0.399" /><testcase classname="tests.test_regression.TestAuth" name="test_me_with_cookie" time="0.048" /><testcase classname="tests.test_regression.TestAuth" name="test_me_no_cookie" time="0.111" /><testcase classname="tests.test_regression.TestAuth" name="test_admin_login" time="0.468" /><testcase classname="tests.test_regression.TestTracking" name="test_mark_watched" time="0.050" /><testcase classname="tests.test_regression.TestTracking" name="test_mark_second_video" time="0.050" /><testcase classname="tests.test_regression.TestTracking" name="test_get_my_progress" time="0.049" /><testcase classname="tests.test_regression.TestTracking" name="test_unmark_video" time="0.050" /><testcase classname="tests.test_regression.TestTracking" name="test_tracking_requires_auth" time="0.118" /><testcase classname="tests.test_regression.TestAdmin" name="test_admin_users_list" time="0.048" /><testcase classname="tests.test_regression.TestAdmin" name="test_admin_users_non_admin_forbidden" time="0.050" /><testcase classname="tests.test_regression.TestAdmin" name="test_admin_users_anonymous" time="0.113" /><testcase classname="tests.test_regression.TestLogout" name="test_logout_clears_cookies" time="0.563" /><testcase classname="tests.test_regression.TestTemplates" name="test_templates_list" time="0.108" /><testcase classname="tests.test_regression.TestTemplates" name="test_download_cv_bundle" time="0.248" /><testcase classname="tests.test_regression.TestTemplates" name="test_download_cover_letter_bundle" time="0.211" /><testcase classname="tests.test_regression.TestCORS" name="test_cors_foreign_origin_rejected_direct" time="0.004" /><testcase classname="tests.test_regression.TestCORS" name="test_cors_valid_emergent_origin_allowed_direct" time="0.004" /><testcase classname="tests.test_regression.TestCORS" name="test_cors_localhost_allowed_direct" time="0.004" /><testcase classname="tests.test_regression.TestCORS" name="test_public_url_preflight_no_credentials_leak" time="0.082" /><testcase classname="tests.test_regression.TestHtmlEscape" name="test_login_email_escapes_html" time="0.126" /><testcase classname="tests.test_regression.TestHtmlEscape" name="test_progress_email_escapes_html" time="0.001" /><testcase classname="tests.test_regression.TestHtmlEscape" name="test_register_with_html_in_name_stores_safely" time="0.626" /></testsuite></testsuites>