<?xml version="1.0" encoding="utf-8"?><testsuites name="pytest tests"><testsuite name="pytest" errors="0" failures="0" skipped="0" tests="25" time="6.571" timestamp="2026-08-11T07:24:33.272629+00:00" hostname="agent-env-f1bafad4-6e5f-4e45-9f32-a5a5fe6d62c2"><testcase classname="tests.test_regression.TestTracking" name="test_mark_watched" time="0.929" /><testcase classname="tests.test_regression.TestAuth" name="test_register_new_user" time="1.071" /><testcase classname="tests.test_regression.TestTracking" name="test_mark_second_video" time="0.064" /><testcase classname="tests.test_regression.TestTracking" name="test_get_my_progress" time="0.167" /><testcase classname="tests.test_regression.TestAuth" name="test_register_duplicate" time="0.211" /><testcase classname="tests.test_regression.TestTracking" name="test_unmark_video" time="0.057" /><testcase classname="tests.test_regression.TestTracking" name="test_tracking_requires_auth" time="0.127" /><testcase classname="tests.test_regression.TestAuth" name="test_login_wrong_password" time="0.505" /><testcase classname="tests.test_regression.TestCORS" name="test_cors_foreign_origin_rejected_direct" time="0.006" /><testcase classname="tests.test_regression.TestCORS" name="test_cors_valid_emergent_origin_allowed_direct" time="0.004" /><testcase classname="tests.test_regression.TestCORS" name="test_cors_localhost_allowed_direct" time="0.005" /><testcase classname="tests.test_regression.TestCORS" name="test_public_url_preflight_no_credentials_leak" time="0.117" /><testcase classname="tests.test_regression.TestAuth" name="test_me_with_cookie" time="0.296" /><testcase classname="tests.test_regression.TestAdmin" name="test_admin_users_list" time="0.640" /><testcase classname="tests.test_regression.TestAuth" name="test_me_no_cookie" time="0.171" /><testcase classname="tests.test_regression.TestAdmin" name="test_admin_users_non_admin_forbidden" time="0.053" /><testcase classname="tests.test_regression.TestAdmin" name="test_admin_users_anonymous" time="0.126" /><testcase classname="tests.test_regression.TestTemplates" name="test_templates_list" time="0.367" /><testcase classname="tests.test_regression.TestTemplates" name="test_download_cv_bundle" time="0.325" /><testcase classname="tests.test_regression.TestAuth" name="test_admin_login" time="0.558" /><testcase classname="tests.test_regression.TestAuth" name="test_logout_clears_cookies" time="0.807" /><testcase classname="tests.test_regression.TestTemplates" name="test_download_cover_letter_bundle" time="0.667" /><testcase classname="tests.test_regression.TestHtmlEscape" name="test_login_email_escapes_html" time="0.314" /><testcase classname="tests.test_regression.TestHtmlEscape" name="test_progress_email_escapes_html" time="0.001" /><testcase classname="tests.test_regression.TestHtmlEscape" name="test_register_with_html_in_name_stores_safely" time="0.650" /></testsuite></testsuites>