<?xml version="1.0" encoding="utf-8"?><testsuites name="pytest tests"><testsuite name="pytest" errors="0" failures="0" skipped="0" tests="18" time="6.480" timestamp="2026-08-11T06:50:00.965456+00:00" hostname="agent-env-f1bafad4-6e5f-4e45-9f32-a5a5fe6d62c2"><testcase classname="tests.test_regression.TestAuth" name="test_register_new_user" time="0.567" /><testcase classname="tests.test_regression.TestAuth" name="test_register_duplicate" time="0.431" /><testcase classname="tests.test_regression.TestAuth" name="test_login_wrong_password" time="0.622" /><testcase classname="tests.test_regression.TestTracking" name="test_mark_watched" time="1.105" /><testcase classname="tests.test_regression.TestTracking" name="test_mark_second_video" time="0.062" /><testcase classname="tests.test_regression.TestTracking" name="test_get_my_progress" time="0.418" /><testcase classname="tests.test_regression.TestTracking" name="test_unmark_video" time="0.096" /><testcase classname="tests.test_regression.TestAuth" name="test_me_with_cookie" time="0.049" /><testcase classname="tests.test_regression.TestAuth" name="test_me_no_cookie" time="0.131" /><testcase classname="tests.test_regression.TestTracking" name="test_tracking_requires_auth" time="0.195" /><testcase classname="tests.test_regression.TestAuth" name="test_admin_login" time="0.827" /><testcase classname="tests.test_regression.TestTemplates" name="test_templates_list" time="0.133" /><testcase classname="tests.test_regression.TestAdmin" name="test_admin_users_list" time="0.796" /><testcase classname="tests.test_regression.TestAdmin" name="test_admin_users_non_admin_forbidden" time="0.046" /><testcase classname="tests.test_regression.TestAdmin" name="test_admin_users_anonymous" time="0.165" /><testcase classname="tests.test_regression.TestTemplates" name="test_download_cv_bundle" time="0.524" /><testcase classname="tests.test_regression.TestLogout" name="test_logout_clears_cookies" time="1.441" /><testcase classname="tests.test_regression.TestTemplates" name="test_download_cover_letter_bundle" time="0.784" /></testsuite></testsuites>